# JRE version: OpenJDK Runtime Environment Temurin-17.0.2+8 (17.0.2+8) (build 17.0.2+8)
# Java VM: OpenJDK 64-Bit Server VM Temurin-17.0.2+8 (17.0.2+8, mixed mode, tiered, compressed oops, compressed class ptrs, parallel gc, bsd-amd64)
GC Precious Log:
 CPUs: 8 total, 8 available
 Memory: 16384M
 Large Page Support: Disabled
 NUMA Support: Disabled
 Compressed Oops: Enabled (Zero based)
 Alignments: Space 512K, Generation 512K, Heap 2M
 Heap Min Capacity: 100M
 Heap Initial Capacity: 100M
 Heap Max Capacity: 1G
 Pre-touch: Disabled
 Parallel Workers: 8
Heap:
 PSYoungGen      total 4096K, used 2926K [0x00000007eab00000, 0x00000007eb580000, 0x0000000800000000)
  eden space 2048K, 42% used [0x00000007eab00000,0x00000007eabdbad8,0x00000007ead00000)
  from space 2048K, 100% used [0x00000007ead00000,0x00000007eaf00000,0x00000007eaf00000)
  to   space 4096K, 0% used [0x00000007eb180000,0x00000007eb180000,0x00000007eb580000)
 ParOldGen       total 267264K, used 248065K [0x00000007c0000000, 0x00000007d0500000, 0x00000007eab00000)
  object space 267264K, 92% used [0x00000007c0000000,0x00000007cf240480,0x00000007d0500000)
 Metaspace       used 77877K, committed 78784K, reserved 1122304K
  class space    used 7952K, committed 8320K, reserved 1048576K
GC Heap History (20 events):
Event: 1790.572 GC heap before
{Heap before GC invocations=2645 (full 36):
 PSYoungGen      total 3584K, used 2752K [0x00000007eab00000, 0x00000007eb080000, 0x0000000800000000)
  eden space 2560K, 100% used [0x00000007eab00000,0x00000007ead80000,0x00000007ead80000)
  from space 1024K, 18% used [0x00000007eae80000,0x00000007eaeb0000,0x00000007eaf80000)
  to   space 512K, 0% used [0x00000007eb000000,0x00000007eb000000,0x00000007eb080000)
 ParOldGen       total 267264K, used 236393K [0x00000007c0000000, 0x00000007d0500000, 0x00000007eab00000)
  object space 267264K, 88% used [0x00000007c0000000,0x00000007ce6da540,0x00000007d0500000)
 Metaspace       used 77877K, committed 78784K, reserved 1122304K
  class space    used 7952K, committed 8320K, reserved 1048576K
}
Event: 1790.574 GC heap after
{Heap after GC invocations=2645 (full 36):
 PSYoungGen      total 3072K, used 494K [0x00000007eab00000, 0x00000007eb280000, 0x0000000800000000)
  eden space 2560K, 0% used [0x00000007eab00000,0x00000007eab00000,0x00000007ead80000)
  from space 512K, 96% used [0x00000007eb000000,0x00000007eb07bae0,0x00000007eb080000)
  to   space 2560K, 0% used [0x00000007ead80000,0x00000007ead80000,0x00000007eb000000)
 ParOldGen       total 267264K, used 237734K [0x00000007c0000000, 0x00000007d0500000, 0x00000007eab00000)
  object space 267264K, 88% used [0x00000007c0000000,0x00000007ce8299c0,0x00000007d0500000)
 Metaspace       used 77877K, committed 78784K, reserved 1122304K
  class space    used 7952K, committed 8320K, reserved 1048576K
}
Event: 1790.579 GC heap before
{Heap before GC invocations=2646 (full 36):
 PSYoungGen      total 3072K, used 3054K [0x00000007eab00000, 0x00000007eb280000, 0x0000000800000000)
  eden space 2560K, 100% used [0x00000007eab00000,0x00000007ead80000,0x00000007ead80000)
  from space 512K, 96% used [0x00000007eb000000,0x00000007eb07bae0,0x00000007eb080000)
  to   space 2560K, 0% used [0x00000007ead80000,0x00000007ead80000,0x00000007eb000000)
 ParOldGen       total 267264K, used 237734K [0x00000007c0000000, 0x00000007d0500000, 0x00000007eab00000)
  object space 267264K, 88% used [0x00000007c0000000,0x00000007ce8299c0,0x00000007d0500000)
 Metaspace       used 77877K, committed 78784K, reserved 1122304K
  class space    used 7952K, committed 8320K, reserved 1048576K
}
Event: 1790.580 GC heap after
{Heap after GC invocations=2646 (full 36):
 PSYoungGen      total 5120K, used 2560K [0x00000007eab00000, 0x00000007eb480000, 0x0000000800000000)
  eden space 2560K, 0% used [0x00000007eab00000,0x00000007eab00000,0x00000007ead80000)
  from space 2560K, 100% used [0x00000007ead80000,0x00000007eb000000,0x00000007eb000000)
  to   space 3584K, 0% used [0x00000007eb100000,0x00000007eb100000,0x00000007eb480000)
 ParOldGen       total 267264K, used 238293K [0x00000007c0000000, 0x00000007d0500000, 0x00000007eab00000)
  object space 267264K, 89% used [0x00000007c0000000,0x00000007ce8b54a0,0x00000007d0500000)
 Metaspace       used 77877K, committed 78784K, reserved 1122304K
  class space    used 7952K, committed 8320K, reserved 1048576K
}
Event: 1790.586 GC heap before
{Heap before GC invocations=2647 (full 36):
 PSYoungGen      total 5120K, used 5120K [0x00000007eab00000, 0x00000007eb480000, 0x0000000800000000)
  eden space 2560K, 100% used [0x00000007eab00000,0x00000007ead80000,0x00000007ead80000)
  from space 2560K, 100% used [0x00000007ead80000,0x00000007eb000000,0x00000007eb000000)
  to   space 3584K, 0% used [0x00000007eb100000,0x00000007eb100000,0x00000007eb480000)
 ParOldGen       total 267264K, used 238293K [0x00000007c0000000, 0x00000007d0500000, 0x00000007eab00000)
  object space 267264K, 89% used [0x00000007c0000000,0x00000007ce8b54a0,0x00000007d0500000)
 Metaspace       used 77877K, committed 78784K, reserved 1122304K
  class space    used 7952K, committed 8320K, reserved 1048576K
}
Event: 1790.588 GC heap after
{Heap after GC invocations=2647 (full 36):
 PSYoungGen      total 3584K, used 960K [0x00000007eab00000, 0x00000007eb200000, 0x0000000800000000)
  eden space 2560K, 0% used [0x00000007eab00000,0x00000007eab00000,0x00000007ead80000)
  from space 1024K, 93% used [0x00000007eb100000,0x00000007eb1f0000,0x00000007eb200000)
  to   space 2048K, 0% used [0x00000007eae00000,0x00000007eae00000,0x00000007eb000000)
 ParOldGen       total 267264K, used 240853K [0x00000007c0000000, 0x00000007d0500000, 0x00000007eab00000)
  object space 267264K, 90% used [0x00000007c0000000,0x00000007ceb354a0,0x00000007d0500000)
 Metaspace       used 77877K, committed 78784K, reserved 1122304K
  class space    used 7952K, committed 8320K, reserved 1048576K
}
Event: 1790.616 GC heap before
{Heap before GC invocations=2648 (full 36):
 PSYoungGen      total 3584K, used 3520K [0x00000007eab00000, 0x00000007eb200000, 0x0000000800000000)
  eden space 2560K, 100% used [0x00000007eab00000,0x00000007ead80000,0x00000007ead80000)
  from space 1024K, 93% used [0x00000007eb100000,0x00000007eb1f0000,0x00000007eb200000)
  to   space 2048K, 0% used [0x00000007eae00000,0x00000007eae00000,0x00000007eb000000)
 ParOldGen       total 267264K, used 240853K [0x00000007c0000000, 0x00000007d0500000, 0x00000007eab00000)
  object space 267264K, 90% used [0x00000007c0000000,0x00000007ceb354a0,0x00000007d0500000)
 Metaspace       used 77877K, committed 78784K, reserved 1122304K
  class space    used 7952K, committed 8320K, reserved 1048576K
}
Event: 1790.618 GC heap after
{Heap after GC invocations=2648 (full 36):
 PSYoungGen      total 4608K, used 704K [0x00000007eab00000, 0x00000007eb180000, 0x0000000800000000)
  eden space 2560K, 0% used [0x00000007eab00000,0x00000007eab00000,0x00000007ead80000)
  from space 2048K, 34% used [0x00000007eae00000,0x00000007eaeb0000,0x00000007eb000000)
  to   space 1024K, 0% used [0x00000007eb080000,0x00000007eb080000,0x00000007eb180000)
 ParOldGen       total 267264K, used 241665K [0x00000007c0000000, 0x00000007d0500000, 0x00000007eab00000)
  object space 267264K, 90% used [0x00000007c0000000,0x00000007cec005a0,0x00000007d0500000)
 Metaspace       used 77877K, committed 78784K, reserved 1122304K
  class space    used 7952K, committed 8320K, reserved 1048576K
}
Event: 1790.891 GC heap before
{Heap before GC invocations=2649 (full 36):
 PSYoungGen      total 4608K, used 3263K [0x00000007eab00000, 0x00000007eb180000, 0x0000000800000000)
  eden space 2560K, 99% used [0x00000007eab00000,0x00000007ead7ff98,0x00000007ead80000)
  from space 2048K, 34% used [0x00000007eae00000,0x00000007eaeb0000,0x00000007eb000000)
  to   space 1024K, 0% used [0x00000007eb080000,0x00000007eb080000,0x00000007eb180000)
 ParOldGen       total 267264K, used 241665K [0x00000007c0000000, 0x00000007d0500000, 0x00000007eab00000)
  object space 267264K, 90% used [0x00000007c0000000,0x00000007cec005a0,0x00000007d0500000)
 Metaspace       used 77877K, committed 78784K, reserved 1122304K
  class space    used 7952K, committed 8320K, reserved 1048576K
}
Event: 1790.893 GC heap after
{Heap after GC invocations=2649 (full 36):
 PSYoungGen      total 3072K, used 464K [0x00000007eab00000, 0x00000007eb100000, 0x0000000800000000)
  eden space 2560K, 0% used [0x00000007eab00000,0x00000007eab00000,0x00000007ead80000)
  from space 512K, 90% used [0x00000007eb080000,0x00000007eb0f4010,0x00000007eb100000)
  to   space 1024K, 0% used [0x00000007eaf00000,0x00000007eaf00000,0x00000007eb000000)
 ParOldGen       total 267264K, used 241841K [0x00000007c0000000, 0x00000007d0500000, 0x00000007eab00000)
  object space 267264K, 90% used [0x00000007c0000000,0x00000007cec2c5a0,0x00000007d0500000)
 Metaspace       used 77877K, committed 78784K, reserved 1122304K
  class space    used 7952K, committed 8320K, reserved 1048576K
}
Event: 1791.138 GC heap before
{Heap before GC invocations=2650 (full 36):
 PSYoungGen      total 3072K, used 3024K [0x00000007eab00000, 0x00000007eb100000, 0x0000000800000000)
  eden space 2560K, 99% used [0x00000007eab00000,0x00000007ead7fff0,0x00000007ead80000)
  from space 512K, 90% used [0x00000007eb080000,0x00000007eb0f4010,0x00000007eb100000)
  to   space 1024K, 0% used [0x00000007eaf00000,0x00000007eaf00000,0x00000007eb000000)
 ParOldGen       total 267264K, used 241841K [0x00000007c0000000, 0x00000007d0500000, 0x00000007eab00000)
  object space 267264K, 90% used [0x00000007c0000000,0x00000007cec2c5a0,0x00000007d0500000)
 Metaspace       used 77877K, committed 78784K, reserved 1122304K
  class space    used 7952K, committed 8320K, reserved 1048576K
}
Event: 1791.139 GC heap after
{Heap after GC invocations=2650 (full 36):
 PSYoungGen      total 3584K, used 736K [0x00000007eab00000, 0x00000007eb100000, 0x0000000800000000)
  eden space 2560K, 0% used [0x00000007eab00000,0x00000007eab00000,0x00000007ead80000)
  from space 1024K, 71% used [0x00000007eaf00000,0x00000007eafb8000,0x00000007eb000000)
  to   space 1024K, 0% used [0x00000007eb000000,0x00000007eb000000,0x00000007eb100000)
 ParOldGen       total 267264K, used 241873K [0x00000007c0000000, 0x00000007d0500000, 0x00000007eab00000)
  object space 267264K, 90% used [0x00000007c0000000,0x00000007cec345a0,0x00000007d0500000)
 Metaspace       used 77877K, committed 78784K, reserved 1122304K
  class space    used 7952K, committed 8320K, reserved 1048576K
}
Event: 1791.145 GC heap before
{Heap before GC invocations=2651 (full 36):
 PSYoungGen      total 3584K, used 3296K [0x00000007eab00000, 0x00000007eb100000, 0x0000000800000000)
  eden space 2560K, 100% used [0x00000007eab00000,0x00000007ead80000,0x00000007ead80000)
  from space 1024K, 71% used [0x00000007eaf00000,0x00000007eafb8000,0x00000007eb000000)
  to   space 1024K, 0% used [0x00000007eb000000,0x00000007eb000000,0x00000007eb100000)
 ParOldGen       total 267264K, used 241873K [0x00000007c0000000, 0x00000007d0500000, 0x00000007eab00000)
  object space 267264K, 90% used [0x00000007c0000000,0x00000007cec345a0,0x00000007d0500000)
 Metaspace       used 77877K, committed 78784K, reserved 1122304K
  class space    used 7952K, committed 8320K, reserved 1048576K
}
Event: 1791.147 GC heap after
{Heap after GC invocations=2651 (full 36):
 PSYoungGen      total 2560K, used 1006K [0x00000007eab00000, 0x00000007eb480000, 0x0000000800000000)
  eden space 1536K, 0% used [0x00000007eab00000,0x00000007eab00000,0x00000007eac80000)
  from space 1024K, 98% used [0x00000007eb000000,0x00000007eb0fbae0,0x00000007eb100000)
  to   space 3584K, 0% used [0x00000007eac80000,0x00000007eac80000,0x00000007eb000000)
 ParOldGen       total 267264K, used 243995K [0x00000007c0000000, 0x00000007d0500000, 0x00000007eab00000)
  object space 267264K, 91% used [0x00000007c0000000,0x00000007cee46ec0,0x00000007d0500000)
 Metaspace       used 77877K, committed 78784K, reserved 1122304K
  class space    used 7952K, committed 8320K, reserved 1048576K
}
Event: 1791.150 GC heap before
{Heap before GC invocations=2652 (full 36):
 PSYoungGen      total 2560K, used 2542K [0x00000007eab00000, 0x00000007eb480000, 0x0000000800000000)
  eden space 1536K, 99% used [0x00000007eab00000,0x00000007eac7ffe8,0x00000007eac80000)
  from space 1024K, 98% used [0x00000007eb000000,0x00000007eb0fbae0,0x00000007eb100000)
  to   space 3584K, 0% used [0x00000007eac80000,0x00000007eac80000,0x00000007eb000000)
 ParOldGen       total 267264K, used 243995K [0x00000007c0000000, 0x00000007d0500000, 0x00000007eab00000)
  object space 267264K, 91% used [0x00000007c0000000,0x00000007cee46ec0,0x00000007d0500000)
 Metaspace       used 77877K, committed 78784K, reserved 1122304K
  class space    used 7952K, committed 8320K, reserved 1048576K
}
Event: 1791.152 GC heap after
{Heap after GC invocations=2652 (full 36):
 PSYoungGen      total 3584K, used 1600K [0x00000007eab00000, 0x00000007eb180000, 0x0000000800000000)
  eden space 1536K, 0% used [0x00000007eab00000,0x00000007eab00000,0x00000007eac80000)
  from space 2048K, 78% used [0x00000007eac80000,0x00000007eae10000,0x00000007eae80000)
  to   space 2560K, 0% used [0x00000007eaf00000,0x00000007eaf00000,0x00000007eb180000)
 ParOldGen       total 267264K, used 245034K [0x00000007c0000000, 0x00000007d0500000, 0x00000007eab00000)
  object space 267264K, 91% used [0x00000007c0000000,0x00000007cef4a9a0,0x00000007d0500000)
 Metaspace       used 77877K, committed 78784K, reserved 1122304K
  class space    used 7952K, committed 8320K, reserved 1048576K
}
Event: 1791.155 GC heap before
{Heap before GC invocations=2653 (full 36):
 PSYoungGen      total 3584K, used 3136K [0x00000007eab00000, 0x00000007eb180000, 0x0000000800000000)
  eden space 1536K, 100% used [0x00000007eab00000,0x00000007eac80000,0x00000007eac80000)
  from space 2048K, 78% used [0x00000007eac80000,0x00000007eae10000,0x00000007eae80000)
  to   space 2560K, 0% used [0x00000007eaf00000,0x00000007eaf00000,0x00000007eb180000)
 ParOldGen       total 267264K, used 245034K [0x00000007c0000000, 0x00000007d0500000, 0x00000007eab00000)
  object space 267264K, 91% used [0x00000007c0000000,0x00000007cef4a9a0,0x00000007d0500000)
 Metaspace       used 77877K, committed 78784K, reserved 1122304K
  class space    used 7952K, committed 8320K, reserved 1048576K
}
Event: 1791.157 GC heap after
{Heap after GC invocations=2653 (full 36):
 PSYoungGen      total 4096K, used 1550K [0x00000007eab00000, 0x00000007eb100000, 0x0000000800000000)
  eden space 2048K, 0% used [0x00000007eab00000,0x00000007eab00000,0x00000007ead00000)
  from space 2048K, 75% used [0x00000007eaf00000,0x00000007eb083ae0,0x00000007eb100000)
  to   space 2048K, 0% used [0x00000007ead00000,0x00000007ead00000,0x00000007eaf00000)
 ParOldGen       total 267264K, used 246554K [0x00000007c0000000, 0x00000007d0500000, 0x00000007eab00000)
  object space 267264K, 92% used [0x00000007c0000000,0x00000007cf0c69a0,0x00000007d0500000)
 Metaspace       used 77877K, committed 78784K, reserved 1122304K
  class space    used 7952K, committed 8320K, reserved 1048576K
}
Event: 1791.161 GC heap before
{Heap before GC invocations=2654 (full 36):
 PSYoungGen      total 4096K, used 3598K [0x00000007eab00000, 0x00000007eb100000, 0x0000000800000000)
  eden space 2048K, 100% used [0x00000007eab00000,0x00000007ead00000,0x00000007ead00000)
  from space 2048K, 75% used [0x00000007eaf00000,0x00000007eb083ae0,0x00000007eb100000)
  to   space 2048K, 0% used [0x00000007ead00000,0x00000007ead00000,0x00000007eaf00000)
 ParOldGen       total 267264K, used 246554K [0x00000007c0000000, 0x00000007d0500000, 0x00000007eab00000)
  object space 267264K, 92% used [0x00000007c0000000,0x00000007cf0c69a0,0x00000007d0500000)
 Metaspace       used 77877K, committed 78784K, reserved 1122304K
  class space    used 7952K, committed 8320K, reserved 1048576K
}
Event: 1791.163 GC heap after
{Heap after GC invocations=2654 (full 36):
 PSYoungGen      total 4096K, used 2048K [0x00000007eab00000, 0x00000007eb580000, 0x0000000800000000)
  eden space 2048K, 0% used [0x00000007eab00000,0x00000007eab00000,0x00000007ead00000)
  from space 2048K, 100% used [0x00000007ead00000,0x00000007eaf00000,0x00000007eaf00000)
  to   space 4096K, 0% used [0x00000007eb180000,0x00000007eb180000,0x00000007eb580000)
 ParOldGen       total 267264K, used 248065K [0x00000007c0000000, 0x00000007d0500000, 0x00000007eab00000)
  object space 267264K, 92% used [0x00000007c0000000,0x00000007cf240480,0x00000007d0500000)
 Metaspace       used 77877K, committed 78784K, reserved 1122304K
  class space    used 7952K, committed 8320K, reserved 1048576K
}

